<?xml version="1.0" encoding="UTF-8"?>
<!-- Generated by org.testng.reporters.JUnitXMLReporter -->
<testsuite ignored="1" hostname="DESKTOP-25T5UMJ" failures="0" tests="4" name="Default test" time="0.097" errors="0" timestamp="2024-10-09T20:45:20 IST">
  <testcase classname="testCase.BasicTestCase" name="testcase09" time="0.008"/>
  <testcase classname="testCase.BasicTestCase" name="testcase12" time="0.001"/>
  <testcase classname="testCase.BasicTestCase" name="testcase03" time="0.002"/>
  <testcase classname="testCase.BasicTestCase" name="testcase05" time="0.004"/>
  <testcase classname="testCase.BasicTestCase" name="testcase04" time="0.0">
    <ignored/>
  </testcase> <!-- testcase04 -->
</testsuite> <!-- Default test -->
