<?xml version="1.0" encoding="UTF-8"?>
<!-- Generated by org.testng.reporters.JUnitXMLReporter -->
<testsuite ignored="1" hostname="DESKTOP-25T5UMJ" failures="0" tests="10" name="myTest" time="0.189" errors="0" timestamp="2024-10-09T20:46:08 IST">
  <testcase classname="testCase.BasicAnnotation" name="testcase01" time="0.012"/>
  <testcase classname="testCase.BasicAnnotation" name="testcase02" time="0.005"/>
  <testcase classname="testCase.BasicAnnotation" name="testcase03" time="0.002"/>
  <testcase classname="testCase.BasicTestCase" name="testcase09" time="0.002"/>
  <testcase classname="testCase.BasicTestCase" name="testcase12" time="0.002"/>
  <testcase classname="testCase.BasicTestCase" name="testcase03" time="0.003"/>
  <testcase classname="testCase.BasicTestCase" name="testcase05" time="0.003"/>
  <testcase classname="testCase.BeforeAfterMethod" name="testcase01" time="0.002"/>
  <testcase classname="testCase.BeforeAfterMethod" name="testcase02" time="0.001"/>
  <testcase classname="testCase.BeforeAfterMethod" name="testcase03" time="0.001"/>
  <testcase classname="testCase.BasicTestCase" name="testcase04" time="0.0">
    <ignored/>
  </testcase> <!-- testcase04 -->
</testsuite> <!-- myTest -->
