<?xml version="1.0" encoding="UTF-8"?>
<testng-results ignored="0" total="10" passed="10" failed="0" skipped="0">
  <reporter-output>
  </reporter-output>
  <suite started-at="2024-10-09T20:46:08 IST" name="myTestSuite" finished-at="2024-10-09T20:46:08 IST" duration-ms="189">
    <groups>
      <group name="smoke">
        <method signature="BasicTestCase.testcase09()[pri:-2, instance:testCase.BasicTestCase@51399530]" name="testcase09" class="testCase.BasicTestCase"/>
        <method signature="BasicTestCase.testcase03()[pri:1, instance:testCase.BasicTestCase@51399530]" name="testcase03" class="testCase.BasicTestCase"/>
      </group> <!-- smoke -->
    </groups>
    <test started-at="2024-10-09T20:46:08 IST" name="myTest" finished-at="2024-10-09T20:46:08 IST" duration-ms="189">
      <class name="testCase.BeforeAfterMethod">
        <test-method is-config="true" signature="beforeClass()[pri:0, instance:testCase.BeforeAfterMethod@6b2ea799]" started-at="2024-10-09T20:46:08 IST" name="beforeClass" finished-at="2024-10-09T20:46:08 IST" duration-ms="0" status="PASS">
          <reporter-output>
          </reporter-output>
        </test-method> <!-- beforeClass -->
        <test-method is-config="true" signature="beforeMethod()[pri:0, instance:testCase.BeforeAfterMethod@6b2ea799]" started-at="2024-10-09T20:46:08 IST" name="beforeMethod" finished-at="2024-10-09T20:46:08 IST" duration-ms="1" status="PASS">
          <reporter-output>
          </reporter-output>
        </test-method> <!-- beforeMethod -->
        <test-method signature="testcase01()[pri:0, instance:testCase.BeforeAfterMethod@6b2ea799]" started-at="2024-10-09T20:46:08 IST" name="testcase01" finished-at="2024-10-09T20:46:08 IST" duration-ms="2" status="PASS">
          <reporter-output>
          </reporter-output>
        </test-method> <!-- testcase01 -->
        <test-method is-config="true" signature="afterMethod()[pri:0, instance:testCase.BeforeAfterMethod@6b2ea799]" started-at="2024-10-09T20:46:08 IST" name="afterMethod" finished-at="2024-10-09T20:46:08 IST" duration-ms="1" status="PASS">
          <reporter-output>
          </reporter-output>
        </test-method> <!-- afterMethod -->
        <test-method is-config="true" signature="beforeMethod()[pri:0, instance:testCase.BeforeAfterMethod@6b2ea799]" started-at="2024-10-09T20:46:08 IST" name="beforeMethod" finished-at="2024-10-09T20:46:08 IST" duration-ms="0" status="PASS">
          <reporter-output>
          </reporter-output>
        </test-method> <!-- beforeMethod -->
        <test-method signature="testcase02()[pri:0, instance:testCase.BeforeAfterMethod@6b2ea799]" started-at="2024-10-09T20:46:08 IST" name="testcase02" finished-at="2024-10-09T20:46:08 IST" duration-ms="1" status="PASS">
          <reporter-output>
          </reporter-output>
        </test-method> <!-- testcase02 -->
        <test-method is-config="true" signature="afterMethod()[pri:0, instance:testCase.BeforeAfterMethod@6b2ea799]" started-at="2024-10-09T20:46:08 IST" name="afterMethod" finished-at="2024-10-09T20:46:08 IST" duration-ms="0" status="PASS">
          <reporter-output>
          </reporter-output>
        </test-method> <!-- afterMethod -->
        <test-method is-config="true" signature="beforeMethod()[pri:0, instance:testCase.BeforeAfterMethod@6b2ea799]" started-at="2024-10-09T20:46:08 IST" name="beforeMethod" finished-at="2024-10-09T20:46:08 IST" duration-ms="1" status="PASS">
          <reporter-output>
          </reporter-output>
        </test-method> <!-- beforeMethod -->
        <test-method signature="testcase03()[pri:0, instance:testCase.BeforeAfterMethod@6b2ea799]" started-at="2024-10-09T20:46:08 IST" name="testcase03" finished-at="2024-10-09T20:46:08 IST" duration-ms="1" status="PASS">
          <reporter-output>
          </reporter-output>
        </test-method> <!-- testcase03 -->
        <test-method is-config="true" signature="afterMethod()[pri:0, instance:testCase.BeforeAfterMethod@6b2ea799]" started-at="2024-10-09T20:46:08 IST" name="afterMethod" finished-at="2024-10-09T20:46:08 IST" duration-ms="1" status="PASS">
          <reporter-output>
          </reporter-output>
        </test-method> <!-- afterMethod -->
        <test-method is-config="true" signature="afterClass()[pri:0, instance:testCase.BeforeAfterMethod@6b2ea799]" started-at="2024-10-09T20:46:08 IST" name="afterClass" finished-at="2024-10-09T20:46:08 IST" duration-ms="1" status="PASS">
          <reporter-output>
          </reporter-output>
        </test-method> <!-- afterClass -->
      </class> <!-- testCase.BeforeAfterMethod -->
      <class name="testCase.BasicAnnotation">
        <test-method is-config="true" signature="beforeSuite()[pri:0, instance:testCase.BasicAnnotation@74235045]" started-at="2024-10-09T20:46:08 IST" name="beforeSuite" finished-at="2024-10-09T20:46:08 IST" duration-ms="13" status="PASS">
          <reporter-output>
          </reporter-output>
        </test-method> <!-- beforeSuite -->
        <test-method is-config="true" signature="beforeTest()[pri:0, instance:testCase.BasicAnnotation@74235045]" started-at="2024-10-09T20:46:08 IST" name="beforeTest" finished-at="2024-10-09T20:46:08 IST" duration-ms="1" status="PASS">
          <reporter-output>
          </reporter-output>
        </test-method> <!-- beforeTest -->
        <test-method is-config="true" signature="beforeClass()[pri:0, instance:testCase.BasicAnnotation@74235045]" started-at="2024-10-09T20:46:08 IST" name="beforeClass" finished-at="2024-10-09T20:46:08 IST" duration-ms="1" status="PASS">
          <reporter-output>
          </reporter-output>
        </test-method> <!-- beforeClass -->
        <test-method is-config="true" signature="beforeMethod()[pri:0, instance:testCase.BasicAnnotation@74235045]" started-at="2024-10-09T20:46:08 IST" name="beforeMethod" finished-at="2024-10-09T20:46:08 IST" duration-ms="1" status="PASS">
          <reporter-output>
          </reporter-output>
        </test-method> <!-- beforeMethod -->
        <test-method signature="testcase01()[pri:0, instance:testCase.BasicAnnotation@74235045]" started-at="2024-10-09T20:46:08 IST" name="testcase01" finished-at="2024-10-09T20:46:08 IST" duration-ms="12" status="PASS">
          <reporter-output>
          </reporter-output>
        </test-method> <!-- testcase01 -->
        <test-method is-config="true" signature="afterMethod()[pri:0, instance:testCase.BasicAnnotation@74235045]" started-at="2024-10-09T20:46:08 IST" name="afterMethod" finished-at="2024-10-09T20:46:08 IST" duration-ms="1" status="PASS">
          <reporter-output>
          </reporter-output>
        </test-method> <!-- afterMethod -->
        <test-method is-config="true" signature="beforeMethod()[pri:0, instance:testCase.BasicAnnotation@74235045]" started-at="2024-10-09T20:46:08 IST" name="beforeMethod" finished-at="2024-10-09T20:46:08 IST" duration-ms="2" status="PASS">
          <reporter-output>
          </reporter-output>
        </test-method> <!-- beforeMethod -->
        <test-method signature="testcase02()[pri:0, instance:testCase.BasicAnnotation@74235045]" started-at="2024-10-09T20:46:08 IST" name="testcase02" finished-at="2024-10-09T20:46:08 IST" duration-ms="5" status="PASS">
          <reporter-output>
          </reporter-output>
        </test-method> <!-- testcase02 -->
        <test-method is-config="true" signature="afterMethod()[pri:0, instance:testCase.BasicAnnotation@74235045]" started-at="2024-10-09T20:46:08 IST" name="afterMethod" finished-at="2024-10-09T20:46:08 IST" duration-ms="1" status="PASS">
          <reporter-output>
          </reporter-output>
        </test-method> <!-- afterMethod -->
        <test-method is-config="true" signature="beforeMethod()[pri:0, instance:testCase.BasicAnnotation@74235045]" started-at="2024-10-09T20:46:08 IST" name="beforeMethod" finished-at="2024-10-09T20:46:08 IST" duration-ms="0" status="PASS">
          <reporter-output>
          </reporter-output>
        </test-method> <!-- beforeMethod -->
        <test-method signature="testcase03()[pri:0, instance:testCase.BasicAnnotation@74235045]" started-at="2024-10-09T20:46:08 IST" name="testcase03" finished-at="2024-10-09T20:46:08 IST" duration-ms="2" status="PASS">
          <reporter-output>
          </reporter-output>
        </test-method> <!-- testcase03 -->
        <test-method is-config="true" signature="afterMethod()[pri:0, instance:testCase.BasicAnnotation@74235045]" started-at="2024-10-09T20:46:08 IST" name="afterMethod" finished-at="2024-10-09T20:46:08 IST" duration-ms="1" status="PASS">
          <reporter-output>
          </reporter-output>
        </test-method> <!-- afterMethod -->
        <test-method is-config="true" signature="afterClass()[pri:0, instance:testCase.BasicAnnotation@74235045]" started-at="2024-10-09T20:46:08 IST" name="afterClass" finished-at="2024-10-09T20:46:08 IST" duration-ms="1" status="PASS">
          <reporter-output>
          </reporter-output>
        </test-method> <!-- afterClass -->
        <test-method is-config="true" signature="afterTest()[pri:0, instance:testCase.BasicAnnotation@74235045]" started-at="2024-10-09T20:46:08 IST" name="afterTest" finished-at="2024-10-09T20:46:08 IST" duration-ms="0" status="PASS">
          <reporter-output>
          </reporter-output>
        </test-method> <!-- afterTest -->
        <test-method is-config="true" signature="afterSuite()[pri:0, instance:testCase.BasicAnnotation@74235045]" started-at="2024-10-09T20:46:08 IST" name="afterSuite" finished-at="2024-10-09T20:46:08 IST" duration-ms="1" status="PASS">
          <reporter-output>
          </reporter-output>
        </test-method> <!-- afterSuite -->
      </class> <!-- testCase.BasicAnnotation -->
      <class name="testCase.BasicTestCase">
        <test-method signature="testcase09()[pri:-2, instance:testCase.BasicTestCase@51399530]" started-at="2024-10-09T20:46:08 IST" name="testcase09" finished-at="2024-10-09T20:46:08 IST" duration-ms="2" status="PASS">
          <reporter-output>
          </reporter-output>
        </test-method> <!-- testcase09 -->
        <test-method signature="testcase12()[pri:-1, instance:testCase.BasicTestCase@51399530]" started-at="2024-10-09T20:46:08 IST" name="testcase12" finished-at="2024-10-09T20:46:08 IST" duration-ms="2" status="PASS">
          <reporter-output>
          </reporter-output>
        </test-method> <!-- testcase12 -->
        <test-method signature="testcase03()[pri:1, instance:testCase.BasicTestCase@51399530]" started-at="2024-10-09T20:46:08 IST" name="testcase03" finished-at="2024-10-09T20:46:08 IST" duration-ms="3" status="PASS">
          <reporter-output>
          </reporter-output>
        </test-method> <!-- testcase03 -->
        <test-method signature="testcase05()[pri:2, instance:testCase.BasicTestCase@51399530]" started-at="2024-10-09T20:46:08 IST" name="testcase05" finished-at="2024-10-09T20:46:08 IST" duration-ms="3" status="PASS">
          <reporter-output>
          </reporter-output>
        </test-method> <!-- testcase05 -->
      </class> <!-- testCase.BasicTestCase -->
    </test> <!-- myTest -->
  </suite> <!-- myTestSuite -->
</testng-results>
